android/tencent_short_video/lib_tcvideojoiner/build/intermediates/manifest_merge_blame_file/debug/manifest-merger-blame-debug-report.txt
1<?xml version="1.0" encoding="utf-8"?>
2<manifest xmlns:android="http://schemas.android.com/apk/res/android"
3    package="com.tencent.liteav.demo.videojoiner"
4    android:versionCode="1"
5    android:versionName="1.0" >
6
7    <uses-sdk
8        android:minSdkVersion="19"
8-->src\main\AndroidManifest.xml
9        android:targetSdkVersion="29" />
9-->src\main\AndroidManifest.xml
10
11    <application>
11-->src\main\AndroidManifest.xml:7:5-21:19
12        <activity
12-->src\main\AndroidManifest.xml:8:9-17:20
13            android:name="com.tencent.liteav.demo.videojoiner.TCVideoJoinerActivity"
13-->src\main\AndroidManifest.xml:9:13-50
14            android:screenOrientation="portrait" >
14-->src\main\AndroidManifest.xml:10:13-49
15            <intent-filter>
15-->src\main\AndroidManifest.xml:11:13-16:29
16                <action android:name="com.tencent.liteav.demo.videojoiner" />
16-->src\main\AndroidManifest.xml:12:17-78
16-->src\main\AndroidManifest.xml:12:25-75
17                <action android:name="android.intent.action.MAIN" />
17-->src\main\AndroidManifest.xml:13:17-69
17-->src\main\AndroidManifest.xml:13:25-66
18
19                <category android:name="android.intent.category.DEFAULT" />
19-->src\main\AndroidManifest.xml:15:17-76
19-->src\main\AndroidManifest.xml:15:27-73
20            </intent-filter>
21        </activity>
22        <activity
22-->src\main\AndroidManifest.xml:18:9-20:52
23            android:name="com.tencent.liteav.demo.videojoiner.TCVideoJoinerPreviewActivity"
23-->src\main\AndroidManifest.xml:19:13-57
24            android:screenOrientation="portrait" />
24-->src\main\AndroidManifest.xml:20:13-49
25    </application>
26
27</manifest>